<?xml version="1.0" encoding="UTF-8"?>
<testng-results skipped="0" failed="0" ignored="0" total="2" passed="2">
  <reporter-output>
  </reporter-output>
  <suite name="Default suite" duration-ms="19730" started-at="2020-09-29T13:37:16Z" finished-at="2020-09-29T13:37:36Z">
    <groups>
    </groups>
    <test name="Default test" duration-ms="19730" started-at="2020-09-29T13:37:16Z" finished-at="2020-09-29T13:37:36Z">
      <class name="pack1.SampleClass">
        <test-method status="PASS" signature="setUp1()[pri:0, instance:pack1.SampleClass@5b0abc94]" name="setUp1" duration-ms="7562" started-at="2020-09-29T13:37:16Z" finished-at="2020-09-29T13:37:24Z">
          <reporter-output>
          </reporter-output>
        </test-method> <!-- setUp1 -->
        <test-method status="PASS" signature="tearDown()[pri:0, instance:pack1.SampleClass@5b0abc94]" name="tearDown" is-config="true" duration-ms="4367" started-at="2020-09-29T13:37:24Z" finished-at="2020-09-29T13:37:28Z">
          <reporter-output>
          </reporter-output>
        </test-method> <!-- tearDown -->
        <test-method status="PASS" signature="setUp2()[pri:0, instance:pack1.SampleClass@5b0abc94]" name="setUp2" duration-ms="7710" started-at="2020-09-29T13:37:28Z" finished-at="2020-09-29T13:37:36Z">
          <reporter-output>
          </reporter-output>
        </test-method> <!-- setUp2 -->
        <test-method status="PASS" signature="tearDown()[pri:0, instance:pack1.SampleClass@5b0abc94]" name="tearDown" is-config="true" duration-ms="68" started-at="2020-09-29T13:37:36Z" finished-at="2020-09-29T13:37:36Z">
          <reporter-output>
          </reporter-output>
        </test-method> <!-- tearDown -->
      </class> <!-- pack1.SampleClass -->
    </test> <!-- Default test -->
  </suite> <!-- Default suite -->
</testng-results>
